<?xml version="1.0" encoding="utf-8"?>
<TestRun id="5e285ac0-992f-454a-bc51-c5bb02c2e240" name="Yaroslav@DESKTOP-A038BOA 2025-01-15 12:59:00" runUser="DESKTOP-A038BOA\Yaroslav" xmlns="http://microsoft.com/schemas/VisualStudio/TeamTest/2010">
  <Times creation="2025-01-15T12:59:00.5667936+02:00" queuing="2025-01-15T12:59:00.5667937+02:00" start="2025-01-15T12:58:56.6603009+02:00" finish="2025-01-15T12:59:00.5703981+02:00" />
  <TestSettings name="default" id="6b3904e0-79d5-439a-918d-ba06fc42d500">
    <Deployment runDeploymentRoot="Yaroslav_DESKTOP-A038BOA_2025-01-15_12_59_00" />
  </TestSettings>
  <Results>
    <UnitTestResult executionId="dcdadc68-40ea-41fa-9344-5206226745e6" testId="c61895a1-b7f0-cfeb-3c62-35a0bfd6e8b2" testName="SendRequestForAIMove_ShouldInvokeMethodWrite" computerName="DESKTOP-A038BOA" duration="00:00:02.5461484" startTime="2025-01-15T12:58:57.8112073+02:00" endTime="2025-01-15T12:59:00.3706308+02:00" testType="13cdc9d9-ddb5-4fa4-a97d-d965ccfc6d4b" outcome="Passed" testListId="8c84fa94-04c1-424b-9868-57a2d4851a1d" relativeResultsDirectory="dcdadc68-40ea-41fa-9344-5206226745e6" />
  </Results>
  <TestDefinitions>
    <UnitTest name="SendRequestForAIMove_ShouldInvokeMethodWrite" storage="d:\subjects\7 semester\csad\new folder\csad2425ki405volodymyrhnidets03\lab3-5\client\client.domain.server.tests\bin\debug\net8.0-windows\client.domain.server.tests.dll" id="c61895a1-b7f0-cfeb-3c62-35a0bfd6e8b2">
      <Execution id="dcdadc68-40ea-41fa-9344-5206226745e6" />
      <TestMethod codeBase="D:\Subjects\7 semester\CSAD\New folder\csad2425ki405volodymyrhnidets03\Lab3-5\Client\Client.Domain.Server.Tests\bin\Debug\net8.0-windows\Client.Domain.Server.Tests.dll" adapterTypeName="executor://mstestadapter/v2" className="Client.Domain.Server.Tests.GameServiceServerTests" name="SendRequestForAIMove_ShouldInvokeMethodWrite" />
    </UnitTest>
  </TestDefinitions>
  <TestEntries>
    <TestEntry testId="c61895a1-b7f0-cfeb-3c62-35a0bfd6e8b2" executionId="dcdadc68-40ea-41fa-9344-5206226745e6" testListId="8c84fa94-04c1-424b-9868-57a2d4851a1d" />
  </TestEntries>
  <TestLists>
    <TestList name="Results Not in a List" id="8c84fa94-04c1-424b-9868-57a2d4851a1d" />
    <TestList name="All Loaded Results" id="19431567-8539-422a-85d7-44ee4e166bda" />
  </TestLists>
  <ResultSummary outcome="Completed">
    <Counters total="1" executed="1" passed="1" failed="0" error="0" timeout="0" aborted="0" inconclusive="0" passedButRunAborted="0" notRunnable="0" notExecuted="0" disconnected="0" warning="0" completed="0" inProgress="0" pending="0" />
    <CollectorDataEntries>
      <Collector agentName="DESKTOP-A038BOA" uri="datacollector://microsoft/CoverletCodeCoverage/1.0" collectorDisplayName="XPlat code coverage">
        <UriAttachments>
          <UriAttachment>
            <A href="DESKTOP-A038BOA\coverage.cobertura.xml"></A>
          </UriAttachment>
        </UriAttachments>
      </Collector>
    </CollectorDataEntries>
  </ResultSummary>
</TestRun>