<?xml version="1.0" encoding="utf-8"?>
<TestRun id="162761a6-bd78-48c1-8802-8fa2d0e97afe" name="Yaroslav@DESKTOP-A038BOA 2025-01-14 17:13:09" runUser="DESKTOP-A038BOA\Yaroslav" xmlns="http://microsoft.com/schemas/VisualStudio/TeamTest/2010">
  <Times creation="2025-01-14T17:13:09.5501803+02:00" queuing="2025-01-14T17:13:09.5501804+02:00" start="2025-01-14T17:13:05.1236345+02:00" finish="2025-01-14T17:13:09.5742555+02:00" />
  <TestSettings name="default" id="464a77fd-2b4c-48ef-85fd-3e6a0349e79c">
    <Deployment runDeploymentRoot="Yaroslav_DESKTOP-A038BOA_2025-01-14_17_13_09" />
  </TestSettings>
  <Results>
    <UnitTestResult executionId="f9aa81ad-690f-4eed-ae9d-4260de733c4d" testId="026537f4-e1b5-9fc9-0296-6ccd1190b5e4" testName="Move_ReturnGameState_WhenGameStateUnchanged" computerName="DESKTOP-A038BOA" duration="00:00:00.0003011" startTime="2025-01-14T17:13:09.5281594+02:00" endTime="2025-01-14T17:13:09.5285126+02:00" testType="13cdc9d9-ddb5-4fa4-a97d-d965ccfc6d4b" outcome="Passed" testListId="8c84fa94-04c1-424b-9868-57a2d4851a1d" relativeResultsDirectory="f9aa81ad-690f-4eed-ae9d-4260de733c4d" />
    <UnitTestResult executionId="2cf5bc17-2745-42ea-b0ff-0f1cbab721a6" testId="5a7001ee-1e75-0e93-3d6f-d538a3fd810d" testName="Move_ThrowArgumentOutOfRangeException_WhenCoordinateCellDoNotExist (3,0)" computerName="DESKTOP-A038BOA" duration="00:00:00.0000531" startTime="2025-01-14T17:13:09.5382565+02:00" endTime="2025-01-14T17:13:09.5383744+02:00" testType="13cdc9d9-ddb5-4fa4-a97d-d965ccfc6d4b" outcome="Passed" testListId="8c84fa94-04c1-424b-9868-57a2d4851a1d" relativeResultsDirectory="2cf5bc17-2745-42ea-b0ff-0f1cbab721a6" />
    <UnitTestResult executionId="6767a68b-2c19-4c6d-86d3-292e1a079a41" testId="a29013b6-466a-f553-5b29-cbe963bb6c8d" testName="Move_ThrowArgumentOutOfRangeException_WhenCoordinateCellDoNotExist (0,3)" computerName="DESKTOP-A038BOA" duration="00:00:00.0000463" startTime="2025-01-14T17:13:09.5383876+02:00" endTime="2025-01-14T17:13:09.5384771+02:00" testType="13cdc9d9-ddb5-4fa4-a97d-d965ccfc6d4b" outcome="Passed" testListId="8c84fa94-04c1-424b-9868-57a2d4851a1d" relativeResultsDirectory="6767a68b-2c19-4c6d-86d3-292e1a079a41" />
    <UnitTestResult executionId="910f3331-5d4a-4f26-8a4b-85dad3fb5c06" testId="2aaab0b5-d002-84de-6a25-54aa1d300e4f" testName="Move_MakeMove_WhenBoardChangedPredictably (0,0)" computerName="DESKTOP-A038BOA" duration="00:00:00.0014903" startTime="2025-01-14T17:13:09.5386555+02:00" endTime="2025-01-14T17:13:09.5406138+02:00" testType="13cdc9d9-ddb5-4fa4-a97d-d965ccfc6d4b" outcome="Passed" testListId="8c84fa94-04c1-424b-9868-57a2d4851a1d" relativeResultsDirectory="910f3331-5d4a-4f26-8a4b-85dad3fb5c06" />
    <UnitTestResult executionId="8350e9af-3ed6-4da4-8d8f-077d41419f97" testId="29e367e7-2c2e-e076-dd77-d37380fed57d" testName="InvokeGameCommand_ExecuteLoadGameCommand_WhenCallsLoadMethodAndStateIsPredicted" computerName="DESKTOP-A038BOA" duration="00:00:00.0034188" startTime="2025-01-14T17:13:09.5162109+02:00" endTime="2025-01-14T17:13:09.5197057+02:00" testType="13cdc9d9-ddb5-4fa4-a97d-d965ccfc6d4b" outcome="Passed" testListId="8c84fa94-04c1-424b-9868-57a2d4851a1d" relativeResultsDirectory="8350e9af-3ed6-4da4-8d8f-077d41419f97" />
    <UnitTestResult executionId="abf574ae-e19c-4c9b-873d-5b2c76c5a651" testId="116e8b0b-0d0d-214d-dae8-8284b0612d51" testName="SaveGameCommand_ExecuteSaveGameCommand_WhenCallsSaveMethodWithGameState" computerName="DESKTOP-A038BOA" duration="00:00:00.0022919" startTime="2025-01-14T17:13:09.5197340+02:00" endTime="2025-01-14T17:13:09.5220987+02:00" testType="13cdc9d9-ddb5-4fa4-a97d-d965ccfc6d4b" outcome="Passed" testListId="8c84fa94-04c1-424b-9868-57a2d4851a1d" relativeResultsDirectory="abf574ae-e19c-4c9b-873d-5b2c76c5a651" />
    <UnitTestResult executionId="6184937f-1c6e-45dc-b463-6d65d9bd0b6b" testId="e5b62b0e-9bf6-a409-615d-6678b3e0707a" testName="Move_ThrowArgumentOutOfRangeException_WhenCoordinateCellDoNotExist (-1,-1)" computerName="DESKTOP-A038BOA" duration="00:00:00.0000925" startTime="2025-01-14T17:13:09.5379593+02:00" endTime="2025-01-14T17:13:09.5382268+02:00" testType="13cdc9d9-ddb5-4fa4-a97d-d965ccfc6d4b" outcome="Passed" testListId="8c84fa94-04c1-424b-9868-57a2d4851a1d" relativeResultsDirectory="6184937f-1c6e-45dc-b463-6d65d9bd0b6b" />
    <UnitTestResult executionId="b04c8c07-d431-46f0-a003-3c09131afdce" testId="69afdfc5-c59a-c05d-0161-e10db7c81dcd" testName="GetServerPort_ReturnConnectedSerialPort_WhenReturnedNeededPort" computerName="DESKTOP-A038BOA" duration="00:00:00.0057558" startTime="2025-01-14T17:13:09.5221248+02:00" endTime="2025-01-14T17:13:09.5279497+02:00" testType="13cdc9d9-ddb5-4fa4-a97d-d965ccfc6d4b" outcome="Passed" testListId="8c84fa94-04c1-424b-9868-57a2d4851a1d" relativeResultsDirectory="b04c8c07-d431-46f0-a003-3c09131afdce" />
    <UnitTestResult executionId="4a1731a5-617f-4bc3-80fd-838c188cc9d0" testId="49c317ce-73eb-2c44-1d5b-f8d9fd923abf" testName="Move_ThrowArgumentOutOfRangeException_WhenCoordinateCellDoNotExist (-1,0)" computerName="DESKTOP-A038BOA" duration="00:00:00.0003188" startTime="2025-01-14T17:13:09.5285400+02:00" endTime="2025-01-14T17:13:09.5316209+02:00" testType="13cdc9d9-ddb5-4fa4-a97d-d965ccfc6d4b" outcome="Passed" testListId="8c84fa94-04c1-424b-9868-57a2d4851a1d" relativeResultsDirectory="4a1731a5-617f-4bc3-80fd-838c188cc9d0" />
    <UnitTestResult executionId="69a05b02-49e9-4212-af9e-56804323297c" testId="f22d09ee-806a-9290-39f3-83750233605b" testName="GetGameState_ReturnCurentGameState_WhenReturnedNewGameState" computerName="DESKTOP-A038BOA" duration="00:00:00.0001095" startTime="2025-01-14T17:13:09.5279766+02:00" endTime="2025-01-14T17:13:09.5281378+02:00" testType="13cdc9d9-ddb5-4fa4-a97d-d965ccfc6d4b" outcome="Passed" testListId="8c84fa94-04c1-424b-9868-57a2d4851a1d" relativeResultsDirectory="69a05b02-49e9-4212-af9e-56804323297c" />
    <UnitTestResult executionId="c5d7f4d6-84fd-481b-b303-af44b72120fc" testId="af05363e-f288-ebff-2256-c0bdeff50fb6" testName="InvokeGameCommand_ExecuteNewGameCommand_WhenStateIsNew" computerName="DESKTOP-A038BOA" duration="00:00:00.0065355" startTime="2025-01-14T17:13:09.5093143+02:00" endTime="2025-01-14T17:13:09.5160146+02:00" testType="13cdc9d9-ddb5-4fa4-a97d-d965ccfc6d4b" outcome="Passed" testListId="8c84fa94-04c1-424b-9868-57a2d4851a1d" relativeResultsDirectory="c5d7f4d6-84fd-481b-b303-af44b72120fc" />
    <UnitTestResult executionId="e976383a-adf6-42c5-9509-4222a1c2265b" testId="d0f134f3-ffc5-6045-2be9-fa81030d4a4b" testName="Move_ThrowArgumentOutOfRangeException_WhenCoordinateCellDoNotExist (3,3)" computerName="DESKTOP-A038BOA" duration="00:00:00.0000727" startTime="2025-01-14T17:13:09.5384904+02:00" endTime="2025-01-14T17:13:09.5386331+02:00" testType="13cdc9d9-ddb5-4fa4-a97d-d965ccfc6d4b" outcome="Passed" testListId="8c84fa94-04c1-424b-9868-57a2d4851a1d" relativeResultsDirectory="e976383a-adf6-42c5-9509-4222a1c2265b" />
    <UnitTestResult executionId="db07347f-e37e-4dc5-ba93-50e8cadad427" testId="133b6814-54e3-6526-6b14-688839d4c821" testName="Move_ThrowArgumentOutOfRangeException_WhenCoordinateCellDoNotExist (0,-1)" computerName="DESKTOP-A038BOA" duration="00:00:00.0002375" startTime="2025-01-14T17:13:09.5316464+02:00" endTime="2025-01-14T17:13:09.5319788+02:00" testType="13cdc9d9-ddb5-4fa4-a97d-d965ccfc6d4b" outcome="Passed" testListId="8c84fa94-04c1-424b-9868-57a2d4851a1d" relativeResultsDirectory="db07347f-e37e-4dc5-ba93-50e8cadad427" />
    <UnitTestResult executionId="26064615-7847-4b32-9a36-06d6fd3cc11e" testId="64e714d6-22a4-041c-7de1-a44502c6950b" testName="Constructor_ThrowArgumentNullException_WhenArgumentsAreNull" computerName="DESKTOP-A038BOA" duration="00:00:00.9588605" startTime="2025-01-14T17:13:08.5413013+02:00" endTime="2025-01-14T17:13:09.5069415+02:00" testType="13cdc9d9-ddb5-4fa4-a97d-d965ccfc6d4b" outcome="Passed" testListId="8c84fa94-04c1-424b-9868-57a2d4851a1d" relativeResultsDirectory="26064615-7847-4b32-9a36-06d6fd3cc11e" />
  </Results>
  <TestDefinitions>
    <UnitTest name="Move_ThrowArgumentOutOfRangeException_WhenCoordinateCellDoNotExist (0,3)" storage="d:\subjects\7 semester\csad\new folder\csad2425ki405volodymyrhnidets03\lab3-4\client\client.domain.tests\bin\debug\net8.0-windows\client.domain.tests.dll" id="a29013b6-466a-f553-5b29-cbe963bb6c8d">
      <Execution id="6767a68b-2c19-4c6d-86d3-292e1a079a41" />
      <TestMethod codeBase="D:\Subjects\7 semester\CSAD\New folder\csad2425ki405volodymyrhnidets03\Lab3-4\Client\Client.Domain.Tests\bin\Debug\net8.0-windows\Client.Domain.Tests.dll" adapterTypeName="executor://mstestadapter/v2" className="Client.Domain.Tests.GameServiceTests" name="Move_ThrowArgumentOutOfRangeException_WhenCoordinateCellDoNotExist" />
    </UnitTest>
    <UnitTest name="GetServerPort_ReturnConnectedSerialPort_WhenReturnedNeededPort" storage="d:\subjects\7 semester\csad\new folder\csad2425ki405volodymyrhnidets03\lab3-4\client\client.domain.tests\bin\debug\net8.0-windows\client.domain.tests.dll" id="69afdfc5-c59a-c05d-0161-e10db7c81dcd">
      <Execution id="b04c8c07-d431-46f0-a003-3c09131afdce" />
      <TestMethod codeBase="D:\Subjects\7 semester\CSAD\New folder\csad2425ki405volodymyrhnidets03\Lab3-4\Client\Client.Domain.Tests\bin\Debug\net8.0-windows\Client.Domain.Tests.dll" adapterTypeName="executor://mstestadapter/v2" className="Client.Domain.Tests.GameServiceTests" name="GetServerPort_ReturnConnectedSerialPort_WhenReturnedNeededPort" />
    </UnitTest>
    <UnitTest name="InvokeGameCommand_ExecuteNewGameCommand_WhenStateIsNew" storage="d:\subjects\7 semester\csad\new folder\csad2425ki405volodymyrhnidets03\lab3-4\client\client.domain.tests\bin\debug\net8.0-windows\client.domain.tests.dll" id="af05363e-f288-ebff-2256-c0bdeff50fb6">
      <Execution id="c5d7f4d6-84fd-481b-b303-af44b72120fc" />
      <TestMethod codeBase="D:\Subjects\7 semester\CSAD\New folder\csad2425ki405volodymyrhnidets03\Lab3-4\Client\Client.Domain.Tests\bin\Debug\net8.0-windows\Client.Domain.Tests.dll" adapterTypeName="executor://mstestadapter/v2" className="Client.Domain.Tests.GameServiceTests" name="InvokeGameCommand_ExecuteNewGameCommand_WhenStateIsNew" />
    </UnitTest>
    <UnitTest name="Move_ReturnGameState_WhenGameStateUnchanged" storage="d:\subjects\7 semester\csad\new folder\csad2425ki405volodymyrhnidets03\lab3-4\client\client.domain.tests\bin\debug\net8.0-windows\client.domain.tests.dll" id="026537f4-e1b5-9fc9-0296-6ccd1190b5e4">
      <Execution id="f9aa81ad-690f-4eed-ae9d-4260de733c4d" />
      <TestMethod codeBase="D:\Subjects\7 semester\CSAD\New folder\csad2425ki405volodymyrhnidets03\Lab3-4\Client\Client.Domain.Tests\bin\Debug\net8.0-windows\Client.Domain.Tests.dll" adapterTypeName="executor://mstestadapter/v2" className="Client.Domain.Tests.GameServiceTests" name="Move_ReturnGameState_WhenGameStateUnchanged" />
    </UnitTest>
    <UnitTest name="GetGameState_ReturnCurentGameState_WhenReturnedNewGameState" storage="d:\subjects\7 semester\csad\new folder\csad2425ki405volodymyrhnidets03\lab3-4\client\client.domain.tests\bin\debug\net8.0-windows\client.domain.tests.dll" id="f22d09ee-806a-9290-39f3-83750233605b">
      <Execution id="69a05b02-49e9-4212-af9e-56804323297c" />
      <TestMethod codeBase="D:\Subjects\7 semester\CSAD\New folder\csad2425ki405volodymyrhnidets03\Lab3-4\Client\Client.Domain.Tests\bin\Debug\net8.0-windows\Client.Domain.Tests.dll" adapterTypeName="executor://mstestadapter/v2" className="Client.Domain.Tests.GameServiceTests" name="GetGameState_ReturnCurentGameState_WhenReturnedNewGameState" />
    </UnitTest>
    <UnitTest name="Move_ThrowArgumentOutOfRangeException_WhenCoordinateCellDoNotExist (3,3)" storage="d:\subjects\7 semester\csad\new folder\csad2425ki405volodymyrhnidets03\lab3-4\client\client.domain.tests\bin\debug\net8.0-windows\client.domain.tests.dll" id="d0f134f3-ffc5-6045-2be9-fa81030d4a4b">
      <Execution id="e976383a-adf6-42c5-9509-4222a1c2265b" />
      <TestMethod codeBase="D:\Subjects\7 semester\CSAD\New folder\csad2425ki405volodymyrhnidets03\Lab3-4\Client\Client.Domain.Tests\bin\Debug\net8.0-windows\Client.Domain.Tests.dll" adapterTypeName="executor://mstestadapter/v2" className="Client.Domain.Tests.GameServiceTests" name="Move_ThrowArgumentOutOfRangeException_WhenCoordinateCellDoNotExist" />
    </UnitTest>
    <UnitTest name="InvokeGameCommand_ExecuteLoadGameCommand_WhenCallsLoadMethodAndStateIsPredicted" storage="d:\subjects\7 semester\csad\new folder\csad2425ki405volodymyrhnidets03\lab3-4\client\client.domain.tests\bin\debug\net8.0-windows\client.domain.tests.dll" id="29e367e7-2c2e-e076-dd77-d37380fed57d">
      <Execution id="8350e9af-3ed6-4da4-8d8f-077d41419f97" />
      <TestMethod codeBase="D:\Subjects\7 semester\CSAD\New folder\csad2425ki405volodymyrhnidets03\Lab3-4\Client\Client.Domain.Tests\bin\Debug\net8.0-windows\Client.Domain.Tests.dll" adapterTypeName="executor://mstestadapter/v2" className="Client.Domain.Tests.GameServiceTests" name="InvokeGameCommand_ExecuteLoadGameCommand_WhenCallsLoadMethodAndStateIsPredicted" />
    </UnitTest>
    <UnitTest name="Move_MakeMove_WhenBoardChangedPredictably (0,0)" storage="d:\subjects\7 semester\csad\new folder\csad2425ki405volodymyrhnidets03\lab3-4\client\client.domain.tests\bin\debug\net8.0-windows\client.domain.tests.dll" id="2aaab0b5-d002-84de-6a25-54aa1d300e4f">
      <Execution id="910f3331-5d4a-4f26-8a4b-85dad3fb5c06" />
      <TestMethod codeBase="D:\Subjects\7 semester\CSAD\New folder\csad2425ki405volodymyrhnidets03\Lab3-4\Client\Client.Domain.Tests\bin\Debug\net8.0-windows\Client.Domain.Tests.dll" adapterTypeName="executor://mstestadapter/v2" className="Client.Domain.Tests.GameServiceTests" name="Move_MakeMove_WhenBoardChangedPredictably" />
    </UnitTest>
    <UnitTest name="Move_ThrowArgumentOutOfRangeException_WhenCoordinateCellDoNotExist (-1,-1)" storage="d:\subjects\7 semester\csad\new folder\csad2425ki405volodymyrhnidets03\lab3-4\client\client.domain.tests\bin\debug\net8.0-windows\client.domain.tests.dll" id="e5b62b0e-9bf6-a409-615d-6678b3e0707a">
      <Execution id="6184937f-1c6e-45dc-b463-6d65d9bd0b6b" />
      <TestMethod codeBase="D:\Subjects\7 semester\CSAD\New folder\csad2425ki405volodymyrhnidets03\Lab3-4\Client\Client.Domain.Tests\bin\Debug\net8.0-windows\Client.Domain.Tests.dll" adapterTypeName="executor://mstestadapter/v2" className="Client.Domain.Tests.GameServiceTests" name="Move_ThrowArgumentOutOfRangeException_WhenCoordinateCellDoNotExist" />
    </UnitTest>
    <UnitTest name="Move_ThrowArgumentOutOfRangeException_WhenCoordinateCellDoNotExist (0,-1)" storage="d:\subjects\7 semester\csad\new folder\csad2425ki405volodymyrhnidets03\lab3-4\client\client.domain.tests\bin\debug\net8.0-windows\client.domain.tests.dll" id="133b6814-54e3-6526-6b14-688839d4c821">
      <Execution id="db07347f-e37e-4dc5-ba93-50e8cadad427" />
      <TestMethod codeBase="D:\Subjects\7 semester\CSAD\New folder\csad2425ki405volodymyrhnidets03\Lab3-4\Client\Client.Domain.Tests\bin\Debug\net8.0-windows\Client.Domain.Tests.dll" adapterTypeName="executor://mstestadapter/v2" className="Client.Domain.Tests.GameServiceTests" name="Move_ThrowArgumentOutOfRangeException_WhenCoordinateCellDoNotExist" />
    </UnitTest>
    <UnitTest name="Constructor_ThrowArgumentNullException_WhenArgumentsAreNull" storage="d:\subjects\7 semester\csad\new folder\csad2425ki405volodymyrhnidets03\lab3-4\client\client.domain.tests\bin\debug\net8.0-windows\client.domain.tests.dll" id="64e714d6-22a4-041c-7de1-a44502c6950b">
      <Execution id="26064615-7847-4b32-9a36-06d6fd3cc11e" />
      <TestMethod codeBase="D:\Subjects\7 semester\CSAD\New folder\csad2425ki405volodymyrhnidets03\Lab3-4\Client\Client.Domain.Tests\bin\Debug\net8.0-windows\Client.Domain.Tests.dll" adapterTypeName="executor://mstestadapter/v2" className="Client.Domain.Tests.GameServiceTests" name="Constructor_ThrowArgumentNullException_WhenArgumentsAreNull" />
    </UnitTest>
    <UnitTest name="Move_ThrowArgumentOutOfRangeException_WhenCoordinateCellDoNotExist (-1,0)" storage="d:\subjects\7 semester\csad\new folder\csad2425ki405volodymyrhnidets03\lab3-4\client\client.domain.tests\bin\debug\net8.0-windows\client.domain.tests.dll" id="49c317ce-73eb-2c44-1d5b-f8d9fd923abf">
      <Execution id="4a1731a5-617f-4bc3-80fd-838c188cc9d0" />
      <TestMethod codeBase="D:\Subjects\7 semester\CSAD\New folder\csad2425ki405volodymyrhnidets03\Lab3-4\Client\Client.Domain.Tests\bin\Debug\net8.0-windows\Client.Domain.Tests.dll" adapterTypeName="executor://mstestadapter/v2" className="Client.Domain.Tests.GameServiceTests" name="Move_ThrowArgumentOutOfRangeException_WhenCoordinateCellDoNotExist" />
    </UnitTest>
    <UnitTest name="Move_ThrowArgumentOutOfRangeException_WhenCoordinateCellDoNotExist (3,0)" storage="d:\subjects\7 semester\csad\new folder\csad2425ki405volodymyrhnidets03\lab3-4\client\client.domain.tests\bin\debug\net8.0-windows\client.domain.tests.dll" id="5a7001ee-1e75-0e93-3d6f-d538a3fd810d">
      <Execution id="2cf5bc17-2745-42ea-b0ff-0f1cbab721a6" />
      <TestMethod codeBase="D:\Subjects\7 semester\CSAD\New folder\csad2425ki405volodymyrhnidets03\Lab3-4\Client\Client.Domain.Tests\bin\Debug\net8.0-windows\Client.Domain.Tests.dll" adapterTypeName="executor://mstestadapter/v2" className="Client.Domain.Tests.GameServiceTests" name="Move_ThrowArgumentOutOfRangeException_WhenCoordinateCellDoNotExist" />
    </UnitTest>
    <UnitTest name="SaveGameCommand_ExecuteSaveGameCommand_WhenCallsSaveMethodWithGameState" storage="d:\subjects\7 semester\csad\new folder\csad2425ki405volodymyrhnidets03\lab3-4\client\client.domain.tests\bin\debug\net8.0-windows\client.domain.tests.dll" id="116e8b0b-0d0d-214d-dae8-8284b0612d51">
      <Execution id="abf574ae-e19c-4c9b-873d-5b2c76c5a651" />
      <TestMethod codeBase="D:\Subjects\7 semester\CSAD\New folder\csad2425ki405volodymyrhnidets03\Lab3-4\Client\Client.Domain.Tests\bin\Debug\net8.0-windows\Client.Domain.Tests.dll" adapterTypeName="executor://mstestadapter/v2" className="Client.Domain.Tests.GameServiceTests" name="SaveGameCommand_ExecuteSaveGameCommand_WhenCallsSaveMethodWithGameState" />
    </UnitTest>
  </TestDefinitions>
  <TestEntries>
    <TestEntry testId="026537f4-e1b5-9fc9-0296-6ccd1190b5e4" executionId="f9aa81ad-690f-4eed-ae9d-4260de733c4d" testListId="8c84fa94-04c1-424b-9868-57a2d4851a1d" />
    <TestEntry testId="5a7001ee-1e75-0e93-3d6f-d538a3fd810d" executionId="2cf5bc17-2745-42ea-b0ff-0f1cbab721a6" testListId="8c84fa94-04c1-424b-9868-57a2d4851a1d" />
    <TestEntry testId="a29013b6-466a-f553-5b29-cbe963bb6c8d" executionId="6767a68b-2c19-4c6d-86d3-292e1a079a41" testListId="8c84fa94-04c1-424b-9868-57a2d4851a1d" />
    <TestEntry testId="2aaab0b5-d002-84de-6a25-54aa1d300e4f" executionId="910f3331-5d4a-4f26-8a4b-85dad3fb5c06" testListId="8c84fa94-04c1-424b-9868-57a2d4851a1d" />
    <TestEntry testId="29e367e7-2c2e-e076-dd77-d37380fed57d" executionId="8350e9af-3ed6-4da4-8d8f-077d41419f97" testListId="8c84fa94-04c1-424b-9868-57a2d4851a1d" />
    <TestEntry testId="116e8b0b-0d0d-214d-dae8-8284b0612d51" executionId="abf574ae-e19c-4c9b-873d-5b2c76c5a651" testListId="8c84fa94-04c1-424b-9868-57a2d4851a1d" />
    <TestEntry testId="e5b62b0e-9bf6-a409-615d-6678b3e0707a" executionId="6184937f-1c6e-45dc-b463-6d65d9bd0b6b" testListId="8c84fa94-04c1-424b-9868-57a2d4851a1d" />
    <TestEntry testId="69afdfc5-c59a-c05d-0161-e10db7c81dcd" executionId="b04c8c07-d431-46f0-a003-3c09131afdce" testListId="8c84fa94-04c1-424b-9868-57a2d4851a1d" />
    <TestEntry testId="49c317ce-73eb-2c44-1d5b-f8d9fd923abf" executionId="4a1731a5-617f-4bc3-80fd-838c188cc9d0" testListId="8c84fa94-04c1-424b-9868-57a2d4851a1d" />
    <TestEntry testId="f22d09ee-806a-9290-39f3-83750233605b" executionId="69a05b02-49e9-4212-af9e-56804323297c" testListId="8c84fa94-04c1-424b-9868-57a2d4851a1d" />
    <TestEntry testId="af05363e-f288-ebff-2256-c0bdeff50fb6" executionId="c5d7f4d6-84fd-481b-b303-af44b72120fc" testListId="8c84fa94-04c1-424b-9868-57a2d4851a1d" />
    <TestEntry testId="d0f134f3-ffc5-6045-2be9-fa81030d4a4b" executionId="e976383a-adf6-42c5-9509-4222a1c2265b" testListId="8c84fa94-04c1-424b-9868-57a2d4851a1d" />
    <TestEntry testId="133b6814-54e3-6526-6b14-688839d4c821" executionId="db07347f-e37e-4dc5-ba93-50e8cadad427" testListId="8c84fa94-04c1-424b-9868-57a2d4851a1d" />
    <TestEntry testId="64e714d6-22a4-041c-7de1-a44502c6950b" executionId="26064615-7847-4b32-9a36-06d6fd3cc11e" testListId="8c84fa94-04c1-424b-9868-57a2d4851a1d" />
  </TestEntries>
  <TestLists>
    <TestList name="Results Not in a List" id="8c84fa94-04c1-424b-9868-57a2d4851a1d" />
    <TestList name="All Loaded Results" id="19431567-8539-422a-85d7-44ee4e166bda" />
  </TestLists>
  <ResultSummary outcome="Completed">
    <Counters total="14" executed="14" passed="14" failed="0" error="0" timeout="0" aborted="0" inconclusive="0" passedButRunAborted="0" notRunnable="0" notExecuted="0" disconnected="0" warning="0" completed="0" inProgress="0" pending="0" />
  </ResultSummary>
</TestRun>