<?xml version="1.0" encoding="utf-8"?>
<TestRun id="109861d0-438a-40e2-9d96-003c8d17e412" name="Yaroslav@DESKTOP-A038BOA 2025-01-12 23:57:43" runUser="DESKTOP-A038BOA\Yaroslav" xmlns="http://microsoft.com/schemas/VisualStudio/TeamTest/2010">
  <Times creation="2025-01-12T23:57:43.7872022+02:00" queuing="2025-01-12T23:57:43.7872024+02:00" start="2025-01-12T23:57:38.1605649+02:00" finish="2025-01-12T23:57:43.8181625+02:00" />
  <TestSettings name="default" id="b135a338-86da-4cdb-9149-76e4b2942df0">
    <Deployment runDeploymentRoot="Yaroslav_DESKTOP-A038BOA_2025-01-12_23_57_43" />
  </TestSettings>
  <Results>
    <UnitTestResult executionId="6c048a39-2d42-4b21-8e0c-78ba77a7ee28" testId="d0f134f3-ffc5-6045-2be9-fa81030d4a4b" testName="Move_ThrowArgumentOutOfRangeException_WhenCoordinateCellDoNotExist (3,3)" computerName="DESKTOP-A038BOA" duration="00:00:00.0000606" startTime="2025-01-12T23:57:43.7729812+02:00" endTime="2025-01-12T23:57:43.7730957+02:00" testType="13cdc9d9-ddb5-4fa4-a97d-d965ccfc6d4b" outcome="Passed" testListId="8c84fa94-04c1-424b-9868-57a2d4851a1d" relativeResultsDirectory="6c048a39-2d42-4b21-8e0c-78ba77a7ee28" />
    <UnitTestResult executionId="c54c5fb7-360a-4f83-a92e-33e75a1c4a95" testId="49c317ce-73eb-2c44-1d5b-f8d9fd923abf" testName="Move_ThrowArgumentOutOfRangeException_WhenCoordinateCellDoNotExist (-1,0)" computerName="DESKTOP-A038BOA" duration="00:00:00.0003658" startTime="2025-01-12T23:57:43.7605738+02:00" endTime="2025-01-12T23:57:43.7641354+02:00" testType="13cdc9d9-ddb5-4fa4-a97d-d965ccfc6d4b" outcome="Passed" testListId="8c84fa94-04c1-424b-9868-57a2d4851a1d" relativeResultsDirectory="c54c5fb7-360a-4f83-a92e-33e75a1c4a95" />
    <UnitTestResult executionId="29393148-d98b-472c-94c3-1af1911cda1c" testId="026537f4-e1b5-9fc9-0296-6ccd1190b5e4" testName="Move_ReturnGameState_WhenGameStateUnchanged" computerName="DESKTOP-A038BOA" duration="00:00:00.0003365" startTime="2025-01-12T23:57:43.7601452+02:00" endTime="2025-01-12T23:57:43.7605380+02:00" testType="13cdc9d9-ddb5-4fa4-a97d-d965ccfc6d4b" outcome="Passed" testListId="8c84fa94-04c1-424b-9868-57a2d4851a1d" relativeResultsDirectory="29393148-d98b-472c-94c3-1af1911cda1c" />
    <UnitTestResult executionId="6cea59a2-2b47-450b-8ca6-e1d264463eab" testId="133b6814-54e3-6526-6b14-688839d4c821" testName="Move_ThrowArgumentOutOfRangeException_WhenCoordinateCellDoNotExist (0,-1)" computerName="DESKTOP-A038BOA" duration="00:00:00.0002498" startTime="2025-01-12T23:57:43.7641700+02:00" endTime="2025-01-12T23:57:43.7645199+02:00" testType="13cdc9d9-ddb5-4fa4-a97d-d965ccfc6d4b" outcome="Passed" testListId="8c84fa94-04c1-424b-9868-57a2d4851a1d" relativeResultsDirectory="6cea59a2-2b47-450b-8ca6-e1d264463eab" />
    <UnitTestResult executionId="a93a3b1f-8ffa-40ee-af41-1c8f7fa0d9ed" testId="af05363e-f288-ebff-2256-c0bdeff50fb6" testName="InvokeGameCommand_ExecuteNewGameCommand_WhenStateIsNew" computerName="DESKTOP-A038BOA" duration="00:00:00.0077277" startTime="2025-01-12T23:57:43.7383149+02:00" endTime="2025-01-12T23:57:43.7462399+02:00" testType="13cdc9d9-ddb5-4fa4-a97d-d965ccfc6d4b" outcome="Passed" testListId="8c84fa94-04c1-424b-9868-57a2d4851a1d" relativeResultsDirectory="a93a3b1f-8ffa-40ee-af41-1c8f7fa0d9ed" />
    <UnitTestResult executionId="ab29e7da-0a69-4e90-a1ad-ae430e3ea919" testId="2aaab0b5-d002-84de-6a25-54aa1d300e4f" testName="Move_MakeMove_WhenBoardChangedPredictably (0,0)" computerName="DESKTOP-A038BOA" duration="00:00:00.0018674" startTime="2025-01-12T23:57:43.7731110+02:00" endTime="2025-01-12T23:57:43.7756455+02:00" testType="13cdc9d9-ddb5-4fa4-a97d-d965ccfc6d4b" outcome="Passed" testListId="8c84fa94-04c1-424b-9868-57a2d4851a1d" relativeResultsDirectory="ab29e7da-0a69-4e90-a1ad-ae430e3ea919" />
    <UnitTestResult executionId="5f1f4af7-7c1f-4a85-a139-f753737fa91c" testId="29e367e7-2c2e-e076-dd77-d37380fed57d" testName="InvokeGameCommand_ExecuteLoadGameCommand_WhenCallsLoadMethodAndStateIsPredicted" computerName="DESKTOP-A038BOA" duration="00:00:00.0038511" startTime="2025-01-12T23:57:43.7464501+02:00" endTime="2025-01-12T23:57:43.7503911+02:00" testType="13cdc9d9-ddb5-4fa4-a97d-d965ccfc6d4b" outcome="Passed" testListId="8c84fa94-04c1-424b-9868-57a2d4851a1d" relativeResultsDirectory="5f1f4af7-7c1f-4a85-a139-f753737fa91c" />
    <UnitTestResult executionId="a332d765-5a75-4d2a-b838-9e54863a8253" testId="116e8b0b-0d0d-214d-dae8-8284b0612d51" testName="SaveGameCommand_ExecuteSaveGameCommand_WhenCallsSaveMethodWithGameState" computerName="DESKTOP-A038BOA" duration="00:00:00.0020720" startTime="2025-01-12T23:57:43.7504239+02:00" endTime="2025-01-12T23:57:43.7525813+02:00" testType="13cdc9d9-ddb5-4fa4-a97d-d965ccfc6d4b" outcome="Passed" testListId="8c84fa94-04c1-424b-9868-57a2d4851a1d" relativeResultsDirectory="a332d765-5a75-4d2a-b838-9e54863a8253" />
    <UnitTestResult executionId="4d4258e9-06c0-42c1-8675-978eee8b4ee5" testId="64e714d6-22a4-041c-7de1-a44502c6950b" testName="Constructor_ThrowArgumentNullException_WhenArgumentsAreNull" computerName="DESKTOP-A038BOA" duration="00:00:01.1055395" startTime="2025-01-12T23:57:42.6203611+02:00" endTime="2025-01-12T23:57:43.7355758+02:00" testType="13cdc9d9-ddb5-4fa4-a97d-d965ccfc6d4b" outcome="Passed" testListId="8c84fa94-04c1-424b-9868-57a2d4851a1d" relativeResultsDirectory="4d4258e9-06c0-42c1-8675-978eee8b4ee5" />
    <UnitTestResult executionId="362488d3-206e-4fec-9bf4-51e6116614f1" testId="a29013b6-466a-f553-5b29-cbe963bb6c8d" testName="Move_ThrowArgumentOutOfRangeException_WhenCoordinateCellDoNotExist (0,3)" computerName="DESKTOP-A038BOA" duration="00:00:00.0000586" startTime="2025-01-12T23:57:43.7728487+02:00" endTime="2025-01-12T23:57:43.7729671+02:00" testType="13cdc9d9-ddb5-4fa4-a97d-d965ccfc6d4b" outcome="Passed" testListId="8c84fa94-04c1-424b-9868-57a2d4851a1d" relativeResultsDirectory="362488d3-206e-4fec-9bf4-51e6116614f1" />
    <UnitTestResult executionId="d455d2a6-d11c-4084-a480-5d19e0a1cfb4" testId="e5b62b0e-9bf6-a409-615d-6678b3e0707a" testName="Move_ThrowArgumentOutOfRangeException_WhenCoordinateCellDoNotExist (-1,-1)" computerName="DESKTOP-A038BOA" duration="00:00:00.0001621" startTime="2025-01-12T23:57:43.7723225+02:00" endTime="2025-01-12T23:57:43.7726159+02:00" testType="13cdc9d9-ddb5-4fa4-a97d-d965ccfc6d4b" outcome="Passed" testListId="8c84fa94-04c1-424b-9868-57a2d4851a1d" relativeResultsDirectory="d455d2a6-d11c-4084-a480-5d19e0a1cfb4" />
    <UnitTestResult executionId="8eb49316-eddb-4a4b-b582-cd1d44af243d" testId="5a7001ee-1e75-0e93-3d6f-d538a3fd810d" testName="Move_ThrowArgumentOutOfRangeException_WhenCoordinateCellDoNotExist (3,0)" computerName="DESKTOP-A038BOA" duration="00:00:00.0000791" startTime="2025-01-12T23:57:43.7726573+02:00" endTime="2025-01-12T23:57:43.7728287+02:00" testType="13cdc9d9-ddb5-4fa4-a97d-d965ccfc6d4b" outcome="Passed" testListId="8c84fa94-04c1-424b-9868-57a2d4851a1d" relativeResultsDirectory="8eb49316-eddb-4a4b-b582-cd1d44af243d" />
    <UnitTestResult executionId="7147cc59-3ea8-480b-9a63-bc1478a80ac7" testId="f22d09ee-806a-9290-39f3-83750233605b" testName="GetGameState_ReturnCurentGameState_WhenReturnedNewGameState" computerName="DESKTOP-A038BOA" duration="00:00:00.0001261" startTime="2025-01-12T23:57:43.7599408+02:00" endTime="2025-01-12T23:57:43.7601241+02:00" testType="13cdc9d9-ddb5-4fa4-a97d-d965ccfc6d4b" outcome="Passed" testListId="8c84fa94-04c1-424b-9868-57a2d4851a1d" relativeResultsDirectory="7147cc59-3ea8-480b-9a63-bc1478a80ac7" />
    <UnitTestResult executionId="34e47867-d349-477a-bde1-61103870486e" testId="69afdfc5-c59a-c05d-0161-e10db7c81dcd" testName="GetServerPort_ReturnConnectedSerialPort_WhenReturnedNeededPort" computerName="DESKTOP-A038BOA" duration="00:00:00.0072179" startTime="2025-01-12T23:57:43.7526129+02:00" endTime="2025-01-12T23:57:43.7599072+02:00" testType="13cdc9d9-ddb5-4fa4-a97d-d965ccfc6d4b" outcome="Passed" testListId="8c84fa94-04c1-424b-9868-57a2d4851a1d" relativeResultsDirectory="34e47867-d349-477a-bde1-61103870486e" />
  </Results>
  <TestDefinitions>
    <UnitTest name="Move_ThrowArgumentOutOfRangeException_WhenCoordinateCellDoNotExist (0,3)" storage="d:\subjects\7 semester\csad\new folder\csad2425ki405volodymyrhnidets03\lab3\client\client.domain.tests\bin\debug\net8.0-windows\client.domain.tests.dll" id="a29013b6-466a-f553-5b29-cbe963bb6c8d">
      <Execution id="362488d3-206e-4fec-9bf4-51e6116614f1" />
      <TestMethod codeBase="D:\Subjects\7 semester\CSAD\New folder\csad2425ki405volodymyrhnidets03\Lab3\Client\Client.Domain.Tests\bin\Debug\net8.0-windows\Client.Domain.Tests.dll" adapterTypeName="executor://mstestadapter/v2" className="Client.Domain.Tests.GameServiceTests" name="Move_ThrowArgumentOutOfRangeException_WhenCoordinateCellDoNotExist" />
    </UnitTest>
    <UnitTest name="GetServerPort_ReturnConnectedSerialPort_WhenReturnedNeededPort" storage="d:\subjects\7 semester\csad\new folder\csad2425ki405volodymyrhnidets03\lab3\client\client.domain.tests\bin\debug\net8.0-windows\client.domain.tests.dll" id="69afdfc5-c59a-c05d-0161-e10db7c81dcd">
      <Execution id="34e47867-d349-477a-bde1-61103870486e" />
      <TestMethod codeBase="D:\Subjects\7 semester\CSAD\New folder\csad2425ki405volodymyrhnidets03\Lab3\Client\Client.Domain.Tests\bin\Debug\net8.0-windows\Client.Domain.Tests.dll" adapterTypeName="executor://mstestadapter/v2" className="Client.Domain.Tests.GameServiceTests" name="GetServerPort_ReturnConnectedSerialPort_WhenReturnedNeededPort" />
    </UnitTest>
    <UnitTest name="InvokeGameCommand_ExecuteNewGameCommand_WhenStateIsNew" storage="d:\subjects\7 semester\csad\new folder\csad2425ki405volodymyrhnidets03\lab3\client\client.domain.tests\bin\debug\net8.0-windows\client.domain.tests.dll" id="af05363e-f288-ebff-2256-c0bdeff50fb6">
      <Execution id="a93a3b1f-8ffa-40ee-af41-1c8f7fa0d9ed" />
      <TestMethod codeBase="D:\Subjects\7 semester\CSAD\New folder\csad2425ki405volodymyrhnidets03\Lab3\Client\Client.Domain.Tests\bin\Debug\net8.0-windows\Client.Domain.Tests.dll" adapterTypeName="executor://mstestadapter/v2" className="Client.Domain.Tests.GameServiceTests" name="InvokeGameCommand_ExecuteNewGameCommand_WhenStateIsNew" />
    </UnitTest>
    <UnitTest name="Move_ReturnGameState_WhenGameStateUnchanged" storage="d:\subjects\7 semester\csad\new folder\csad2425ki405volodymyrhnidets03\lab3\client\client.domain.tests\bin\debug\net8.0-windows\client.domain.tests.dll" id="026537f4-e1b5-9fc9-0296-6ccd1190b5e4">
      <Execution id="29393148-d98b-472c-94c3-1af1911cda1c" />
      <TestMethod codeBase="D:\Subjects\7 semester\CSAD\New folder\csad2425ki405volodymyrhnidets03\Lab3\Client\Client.Domain.Tests\bin\Debug\net8.0-windows\Client.Domain.Tests.dll" adapterTypeName="executor://mstestadapter/v2" className="Client.Domain.Tests.GameServiceTests" name="Move_ReturnGameState_WhenGameStateUnchanged" />
    </UnitTest>
    <UnitTest name="GetGameState_ReturnCurentGameState_WhenReturnedNewGameState" storage="d:\subjects\7 semester\csad\new folder\csad2425ki405volodymyrhnidets03\lab3\client\client.domain.tests\bin\debug\net8.0-windows\client.domain.tests.dll" id="f22d09ee-806a-9290-39f3-83750233605b">
      <Execution id="7147cc59-3ea8-480b-9a63-bc1478a80ac7" />
      <TestMethod codeBase="D:\Subjects\7 semester\CSAD\New folder\csad2425ki405volodymyrhnidets03\Lab3\Client\Client.Domain.Tests\bin\Debug\net8.0-windows\Client.Domain.Tests.dll" adapterTypeName="executor://mstestadapter/v2" className="Client.Domain.Tests.GameServiceTests" name="GetGameState_ReturnCurentGameState_WhenReturnedNewGameState" />
    </UnitTest>
    <UnitTest name="Move_ThrowArgumentOutOfRangeException_WhenCoordinateCellDoNotExist (3,3)" storage="d:\subjects\7 semester\csad\new folder\csad2425ki405volodymyrhnidets03\lab3\client\client.domain.tests\bin\debug\net8.0-windows\client.domain.tests.dll" id="d0f134f3-ffc5-6045-2be9-fa81030d4a4b">
      <Execution id="6c048a39-2d42-4b21-8e0c-78ba77a7ee28" />
      <TestMethod codeBase="D:\Subjects\7 semester\CSAD\New folder\csad2425ki405volodymyrhnidets03\Lab3\Client\Client.Domain.Tests\bin\Debug\net8.0-windows\Client.Domain.Tests.dll" adapterTypeName="executor://mstestadapter/v2" className="Client.Domain.Tests.GameServiceTests" name="Move_ThrowArgumentOutOfRangeException_WhenCoordinateCellDoNotExist" />
    </UnitTest>
    <UnitTest name="InvokeGameCommand_ExecuteLoadGameCommand_WhenCallsLoadMethodAndStateIsPredicted" storage="d:\subjects\7 semester\csad\new folder\csad2425ki405volodymyrhnidets03\lab3\client\client.domain.tests\bin\debug\net8.0-windows\client.domain.tests.dll" id="29e367e7-2c2e-e076-dd77-d37380fed57d">
      <Execution id="5f1f4af7-7c1f-4a85-a139-f753737fa91c" />
      <TestMethod codeBase="D:\Subjects\7 semester\CSAD\New folder\csad2425ki405volodymyrhnidets03\Lab3\Client\Client.Domain.Tests\bin\Debug\net8.0-windows\Client.Domain.Tests.dll" adapterTypeName="executor://mstestadapter/v2" className="Client.Domain.Tests.GameServiceTests" name="InvokeGameCommand_ExecuteLoadGameCommand_WhenCallsLoadMethodAndStateIsPredicted" />
    </UnitTest>
    <UnitTest name="Move_MakeMove_WhenBoardChangedPredictably (0,0)" storage="d:\subjects\7 semester\csad\new folder\csad2425ki405volodymyrhnidets03\lab3\client\client.domain.tests\bin\debug\net8.0-windows\client.domain.tests.dll" id="2aaab0b5-d002-84de-6a25-54aa1d300e4f">
      <Execution id="ab29e7da-0a69-4e90-a1ad-ae430e3ea919" />
      <TestMethod codeBase="D:\Subjects\7 semester\CSAD\New folder\csad2425ki405volodymyrhnidets03\Lab3\Client\Client.Domain.Tests\bin\Debug\net8.0-windows\Client.Domain.Tests.dll" adapterTypeName="executor://mstestadapter/v2" className="Client.Domain.Tests.GameServiceTests" name="Move_MakeMove_WhenBoardChangedPredictably" />
    </UnitTest>
    <UnitTest name="Move_ThrowArgumentOutOfRangeException_WhenCoordinateCellDoNotExist (-1,-1)" storage="d:\subjects\7 semester\csad\new folder\csad2425ki405volodymyrhnidets03\lab3\client\client.domain.tests\bin\debug\net8.0-windows\client.domain.tests.dll" id="e5b62b0e-9bf6-a409-615d-6678b3e0707a">
      <Execution id="d455d2a6-d11c-4084-a480-5d19e0a1cfb4" />
      <TestMethod codeBase="D:\Subjects\7 semester\CSAD\New folder\csad2425ki405volodymyrhnidets03\Lab3\Client\Client.Domain.Tests\bin\Debug\net8.0-windows\Client.Domain.Tests.dll" adapterTypeName="executor://mstestadapter/v2" className="Client.Domain.Tests.GameServiceTests" name="Move_ThrowArgumentOutOfRangeException_WhenCoordinateCellDoNotExist" />
    </UnitTest>
    <UnitTest name="Move_ThrowArgumentOutOfRangeException_WhenCoordinateCellDoNotExist (0,-1)" storage="d:\subjects\7 semester\csad\new folder\csad2425ki405volodymyrhnidets03\lab3\client\client.domain.tests\bin\debug\net8.0-windows\client.domain.tests.dll" id="133b6814-54e3-6526-6b14-688839d4c821">
      <Execution id="6cea59a2-2b47-450b-8ca6-e1d264463eab" />
      <TestMethod codeBase="D:\Subjects\7 semester\CSAD\New folder\csad2425ki405volodymyrhnidets03\Lab3\Client\Client.Domain.Tests\bin\Debug\net8.0-windows\Client.Domain.Tests.dll" adapterTypeName="executor://mstestadapter/v2" className="Client.Domain.Tests.GameServiceTests" name="Move_ThrowArgumentOutOfRangeException_WhenCoordinateCellDoNotExist" />
    </UnitTest>
    <UnitTest name="Constructor_ThrowArgumentNullException_WhenArgumentsAreNull" storage="d:\subjects\7 semester\csad\new folder\csad2425ki405volodymyrhnidets03\lab3\client\client.domain.tests\bin\debug\net8.0-windows\client.domain.tests.dll" id="64e714d6-22a4-041c-7de1-a44502c6950b">
      <Execution id="4d4258e9-06c0-42c1-8675-978eee8b4ee5" />
      <TestMethod codeBase="D:\Subjects\7 semester\CSAD\New folder\csad2425ki405volodymyrhnidets03\Lab3\Client\Client.Domain.Tests\bin\Debug\net8.0-windows\Client.Domain.Tests.dll" adapterTypeName="executor://mstestadapter/v2" className="Client.Domain.Tests.GameServiceTests" name="Constructor_ThrowArgumentNullException_WhenArgumentsAreNull" />
    </UnitTest>
    <UnitTest name="Move_ThrowArgumentOutOfRangeException_WhenCoordinateCellDoNotExist (-1,0)" storage="d:\subjects\7 semester\csad\new folder\csad2425ki405volodymyrhnidets03\lab3\client\client.domain.tests\bin\debug\net8.0-windows\client.domain.tests.dll" id="49c317ce-73eb-2c44-1d5b-f8d9fd923abf">
      <Execution id="c54c5fb7-360a-4f83-a92e-33e75a1c4a95" />
      <TestMethod codeBase="D:\Subjects\7 semester\CSAD\New folder\csad2425ki405volodymyrhnidets03\Lab3\Client\Client.Domain.Tests\bin\Debug\net8.0-windows\Client.Domain.Tests.dll" adapterTypeName="executor://mstestadapter/v2" className="Client.Domain.Tests.GameServiceTests" name="Move_ThrowArgumentOutOfRangeException_WhenCoordinateCellDoNotExist" />
    </UnitTest>
    <UnitTest name="Move_ThrowArgumentOutOfRangeException_WhenCoordinateCellDoNotExist (3,0)" storage="d:\subjects\7 semester\csad\new folder\csad2425ki405volodymyrhnidets03\lab3\client\client.domain.tests\bin\debug\net8.0-windows\client.domain.tests.dll" id="5a7001ee-1e75-0e93-3d6f-d538a3fd810d">
      <Execution id="8eb49316-eddb-4a4b-b582-cd1d44af243d" />
      <TestMethod codeBase="D:\Subjects\7 semester\CSAD\New folder\csad2425ki405volodymyrhnidets03\Lab3\Client\Client.Domain.Tests\bin\Debug\net8.0-windows\Client.Domain.Tests.dll" adapterTypeName="executor://mstestadapter/v2" className="Client.Domain.Tests.GameServiceTests" name="Move_ThrowArgumentOutOfRangeException_WhenCoordinateCellDoNotExist" />
    </UnitTest>
    <UnitTest name="SaveGameCommand_ExecuteSaveGameCommand_WhenCallsSaveMethodWithGameState" storage="d:\subjects\7 semester\csad\new folder\csad2425ki405volodymyrhnidets03\lab3\client\client.domain.tests\bin\debug\net8.0-windows\client.domain.tests.dll" id="116e8b0b-0d0d-214d-dae8-8284b0612d51">
      <Execution id="a332d765-5a75-4d2a-b838-9e54863a8253" />
      <TestMethod codeBase="D:\Subjects\7 semester\CSAD\New folder\csad2425ki405volodymyrhnidets03\Lab3\Client\Client.Domain.Tests\bin\Debug\net8.0-windows\Client.Domain.Tests.dll" adapterTypeName="executor://mstestadapter/v2" className="Client.Domain.Tests.GameServiceTests" name="SaveGameCommand_ExecuteSaveGameCommand_WhenCallsSaveMethodWithGameState" />
    </UnitTest>
  </TestDefinitions>
  <TestEntries>
    <TestEntry testId="d0f134f3-ffc5-6045-2be9-fa81030d4a4b" executionId="6c048a39-2d42-4b21-8e0c-78ba77a7ee28" testListId="8c84fa94-04c1-424b-9868-57a2d4851a1d" />
    <TestEntry testId="49c317ce-73eb-2c44-1d5b-f8d9fd923abf" executionId="c54c5fb7-360a-4f83-a92e-33e75a1c4a95" testListId="8c84fa94-04c1-424b-9868-57a2d4851a1d" />
    <TestEntry testId="026537f4-e1b5-9fc9-0296-6ccd1190b5e4" executionId="29393148-d98b-472c-94c3-1af1911cda1c" testListId="8c84fa94-04c1-424b-9868-57a2d4851a1d" />
    <TestEntry testId="133b6814-54e3-6526-6b14-688839d4c821" executionId="6cea59a2-2b47-450b-8ca6-e1d264463eab" testListId="8c84fa94-04c1-424b-9868-57a2d4851a1d" />
    <TestEntry testId="af05363e-f288-ebff-2256-c0bdeff50fb6" executionId="a93a3b1f-8ffa-40ee-af41-1c8f7fa0d9ed" testListId="8c84fa94-04c1-424b-9868-57a2d4851a1d" />
    <TestEntry testId="2aaab0b5-d002-84de-6a25-54aa1d300e4f" executionId="ab29e7da-0a69-4e90-a1ad-ae430e3ea919" testListId="8c84fa94-04c1-424b-9868-57a2d4851a1d" />
    <TestEntry testId="29e367e7-2c2e-e076-dd77-d37380fed57d" executionId="5f1f4af7-7c1f-4a85-a139-f753737fa91c" testListId="8c84fa94-04c1-424b-9868-57a2d4851a1d" />
    <TestEntry testId="116e8b0b-0d0d-214d-dae8-8284b0612d51" executionId="a332d765-5a75-4d2a-b838-9e54863a8253" testListId="8c84fa94-04c1-424b-9868-57a2d4851a1d" />
    <TestEntry testId="64e714d6-22a4-041c-7de1-a44502c6950b" executionId="4d4258e9-06c0-42c1-8675-978eee8b4ee5" testListId="8c84fa94-04c1-424b-9868-57a2d4851a1d" />
    <TestEntry testId="a29013b6-466a-f553-5b29-cbe963bb6c8d" executionId="362488d3-206e-4fec-9bf4-51e6116614f1" testListId="8c84fa94-04c1-424b-9868-57a2d4851a1d" />
    <TestEntry testId="e5b62b0e-9bf6-a409-615d-6678b3e0707a" executionId="d455d2a6-d11c-4084-a480-5d19e0a1cfb4" testListId="8c84fa94-04c1-424b-9868-57a2d4851a1d" />
    <TestEntry testId="5a7001ee-1e75-0e93-3d6f-d538a3fd810d" executionId="8eb49316-eddb-4a4b-b582-cd1d44af243d" testListId="8c84fa94-04c1-424b-9868-57a2d4851a1d" />
    <TestEntry testId="f22d09ee-806a-9290-39f3-83750233605b" executionId="7147cc59-3ea8-480b-9a63-bc1478a80ac7" testListId="8c84fa94-04c1-424b-9868-57a2d4851a1d" />
    <TestEntry testId="69afdfc5-c59a-c05d-0161-e10db7c81dcd" executionId="34e47867-d349-477a-bde1-61103870486e" testListId="8c84fa94-04c1-424b-9868-57a2d4851a1d" />
  </TestEntries>
  <TestLists>
    <TestList name="Results Not in a List" id="8c84fa94-04c1-424b-9868-57a2d4851a1d" />
    <TestList name="All Loaded Results" id="19431567-8539-422a-85d7-44ee4e166bda" />
  </TestLists>
  <ResultSummary outcome="Completed">
    <Counters total="14" executed="14" passed="14" failed="0" error="0" timeout="0" aborted="0" inconclusive="0" passedButRunAborted="0" notRunnable="0" notExecuted="0" disconnected="0" warning="0" completed="0" inProgress="0" pending="0" />
  </ResultSummary>
</TestRun>